2020-06-26 at 17:04:09 CST INFO  com.star.tcs.service.impl.StarVehicleService 95 getPaths - 车辆名称：Vehicle-01
2020-06-26 at 17:07:35 CST INFO  com.star.tcs.service.impl.StarVehicleService 95 getPaths - 车辆名称：Vehicle-01
2020-06-26 at 17:08:40 CST INFO  com.star.tcs.service.impl.StarVehicleService 95 getPaths - 车辆名称：Vehicle-01
2020-06-26 at 17:10:47 CST INFO  com.star.tcs.service.impl.StarVehicleService 97 getPaths - 车辆名称：Vehicle-01
2020-06-26 at 17:11:43 CST INFO  com.star.tcs.service.impl.StarVehicleService 97 getPaths - 车辆名称：Vehicle-01
2020-06-26 at 17:14:03 CST INFO  com.star.tcs.service.impl.StarVehicleService 97 getPaths - 车辆名称：Vehicle-01
2020-06-26 at 17:16:28 CST INFO  com.star.tcs.service.impl.StarVehicleService 97 getPaths - 车辆名称：Vehicle-01
2020-06-26 at 17:18:01 CST INFO  com.star.tcs.service.impl.StarVehicleService 97 getPaths - 车辆名称：Vehicle-01
2020-06-26 at 18:31:53 CST INFO  com.star.tcs.service.impl.StarTransportOrderService 128 getAllOrder - 订单：TOrder-01EBQY4YBX34Z54APK77QT7VMY
2020-06-26 at 18:31:53 CST INFO  com.star.tcs.service.impl.StarTransportOrderService 128 getAllOrder - 订单：TOrder-01EBQXRYT0D6EFR83AW9780G2R
2020-06-26 at 18:31:53 CST INFO  com.star.tcs.service.impl.StarTransportOrderService 128 getAllOrder - 订单：TOrder-01EBQYKHPQ4BXHWB2RKHNENTMT
2020-06-26 at 18:31:53 CST INFO  com.star.tcs.service.impl.StarTransportOrderService 128 getAllOrder - 订单：TOrder-01EBQYB0E0B5SQ58KV9W4KF8P6
2020-06-26 at 18:31:53 CST INFO  com.star.tcs.service.impl.StarTransportOrderService 128 getAllOrder - 订单：TOrder-01EBQYPESFM5YJJJ657H8TSWAH
2020-06-26 at 18:31:53 CST INFO  com.star.tcs.service.impl.StarTransportOrderService 128 getAllOrder - 订单：TOrder-01EBQYKSRFA5K6SPFDERJ43RNS
2020-06-26 at 18:31:53 CST INFO  com.star.tcs.service.impl.StarTransportOrderService 128 getAllOrder - 订单：TOrder-01EBQY5EJFJH6D07ZP5GSZP07A
2020-06-26 at 18:31:53 CST INFO  com.star.tcs.service.impl.StarTransportOrderService 128 getAllOrder - 订单：TOrder-01EBQXWPX82ESKKAR5WZFPA9M6
2020-06-28 at 17:00:11 CST INFO  com.test.service.TestOrder 22 create - order*****MyTransportOrder01EBX2FJGY0J7KAF50GTNNCGRB
2020-06-28 at 20:01:53 CST INFO  com.test.service.TestOrder 29 createLoad - order*****MyTransportOrder01EBXCW8TQ67ACYXJSAASDZBNE
2020-06-28 at 20:01:53 CST INFO  com.test.service.TestOrder 33 createLoad - order2*****MyTransportOrder01EBXCW8VK8KVRF7KZ4928ACQT
2020-06-28 at 20:03:05 CST INFO  com.test.service.TestOrder 29 createLoad - order*****MyTransportOrder01EBXCYFR72V45TMCATVA7R3G4
2020-06-28 at 20:03:05 CST INFO  com.test.service.TestOrder 33 createLoad - order2*****MyTransportOrder01EBXCYFRZSRTED188BBDQCFT3
2020-06-28 at 20:05:33 CST INFO  com.test.service.TestOrder 30 createLoad - order2*****MyTransportOrder01EBXD30JFWK8GX9680EJZPEGG
2020-06-28 at 20:05:35 CST INFO  com.test.service.TestOrder 39 createLoad - order*****MyTransportOrder01EBXD32HTZ2D10G0SHX177KZB
2020-06-28 at 20:09:29 CST INFO  com.test.service.TestOrder 30 createLoad - order2*****MyTransportOrder01EBXDA73PZQG8G08H148S2F7Y
2020-06-28 at 20:09:32 CST INFO  com.test.service.TestOrder 39 createLoad - order*****MyTransportOrder01EBXDA92Z05Q0KSQPCXQ3G1FQ
2020-06-28 at 20:27:53 CST INFO  com.test.service.TestOrder 22 create - order*****MyTransportOrder01EBXEBWBW4RD4FQJ5CB9W4KCM
2020-06-28 at 20:28:52 CST INFO  com.test.service.TestOrder 22 create - order*****MyTransportOrder01EBXEDPNJJAR8N3JV34F8VDBX
2020-06-28 at 20:29:15 CST INFO  com.test.service.TestOrder 22 create - order*****MyTransportOrder01EBXEECX7H1YDT1GKCPTMZGN3
2020-06-28 at 20:30:38 CST INFO  com.test.service.TestOrder 22 create - order*****MyTransportOrder01EBXEGXVMD92MSSC1YCNQ8SQG
2020-06-28 at 21:13:45 CST INFO  com.test.service.TestOrder 22 create - order*****MyTransportOrder01EBXGZWPBNSVFAXQ2Q5CE6SPF
2020-06-29 at 18:46:21 CST INFO  com.star.tcs.util.MqttMessageListenerImpl 24 messageArrived - ---订阅到：kaim:{"location":"Goods out 01","type":"NOP"}
2020-06-29 at 18:46:21 CST INFO  com.star.tcs.util.MqttMessageListenerImpl 28 messageArrived - json转为对象ClientJob{location='Goods out 01', type='NOP'}
2020-06-29 at 18:46:21 CST INFO  com.star.tcs.util.MqttMessageListenerImpl 32 messageArrived - 查目标位置：Supply{location='Goods out 01', aims='Storage 01', type='NOP'}
2020-06-29 at 18:49:29 CST INFO  com.star.tcs.util.MqttMessageListenerImpl 24 messageArrived - ---订阅到：kaim:{"location":"Goods in north 02","type":"NOP"}
2020-06-29 at 18:49:29 CST INFO  com.star.tcs.util.MqttMessageListenerImpl 28 messageArrived - json转为对象ClientJob{location='Goods in north 02', type='NOP'}
2020-06-29 at 18:49:29 CST INFO  com.star.tcs.util.MqttMessageListenerImpl 32 messageArrived - 查目标位置：Supply{location='Goods in north 02', aims='Storage 01', type='NOP'}
